current directory: /home/hp/user_demo/.gems/ruby/3.2.0/gems/puma-5.6.6/ext/puma_http11
/usr/share/rvm/rubies/ruby-3.2.2/bin/ruby extconf.rb
using OpenSSL pkgconfig (openssl.pc)
checking for openssl/bio.h... yes
checking for DTLS_method() in openssl/ssl.h... yes
checking for TLS_server_method() in openssl/ssl.h... yes
checking for SSL_CTX_set_min_proto_version(NULL, 0) in openssl/ssl.h... yes
checking for X509_STORE_up_ref()... yes
checking for SSL_CTX_set_ecdh_auto(NULL, 0) in openssl/ssl.h... yes
checking for SSL_CTX_set_dh_auto(NULL, 0) in openssl/ssl.h... yes
checking for SSL_get1_peer_certificate() in openssl/ssl.h... no
checking for Random.bytes... yes
creating Makefile

current directory: /home/hp/user_demo/.gems/ruby/3.2.0/gems/puma-5.6.6/ext/puma_http11
make DESTDIR\= sitearchdir\=./.gem.20230809-31602-fs6crb sitelibdir\=./.gem.20230809-31602-fs6crb clean

current directory: /home/hp/user_demo/.gems/ruby/3.2.0/gems/puma-5.6.6/ext/puma_http11
make DESTDIR\= sitearchdir\=./.gem.20230809-31602-fs6crb sitelibdir\=./.gem.20230809-31602-fs6crb
compiling http11_parser.c
compiling mini_ssl.c
compiling puma_http11.c
linking shared-object puma/puma_http11.so

current directory: /home/hp/user_demo/.gems/ruby/3.2.0/gems/puma-5.6.6/ext/puma_http11
make DESTDIR\= sitearchdir\=./.gem.20230809-31602-fs6crb sitelibdir\=./.gem.20230809-31602-fs6crb install
/usr/bin/install -m 0755 puma_http11.so ./.gem.20230809-31602-fs6crb/puma

current directory: /home/hp/user_demo/.gems/ruby/3.2.0/gems/puma-5.6.6/ext/puma_http11
make DESTDIR\= sitearchdir\=./.gem.20230809-31602-fs6crb sitelibdir\=./.gem.20230809-31602-fs6crb clean
